<?xml version="1.0" encoding="UTF-8"?>
<testng-results ignored="0" total="1" passed="1" failed="0" skipped="0">
  <reporter-output>
  </reporter-output>
  <suite started-at="2024-10-14T23:27:51 ICT" name="ECICS" finished-at="2024-10-14T23:28:05 ICT" duration-ms="14692">
    <groups>
    </groups>
    <test started-at="2024-10-14T23:27:51 ICT" name="Run On CHROME" finished-at="2024-10-14T23:28:05 ICT" duration-ms="14692">
      <class name="Demo.Dnse">
        <test-method is-config="true" signature="initBeforeSuite(java.lang.String)[pri:0, instance:Demo.Dnse@5bb7643d]" started-at="2024-10-14T23:27:51 ICT" name="initBeforeSuite" finished-at="2024-10-14T23:27:51 ICT" duration-ms="35" status="PASS">
          <params>
            <param index="0">
              <value>
                <![CDATA[chrome]]>
              </value>
            </param>
          </params>
          <reporter-output>
          </reporter-output>
        </test-method> <!-- initBeforeSuite -->
        <test-method is-config="true" signature="createDriver(java.lang.String,java.lang.String)[pri:0, instance:Demo.Dnse@5bb7643d]" started-at="2024-10-14T23:27:51 ICT" name="createDriver" finished-at="2024-10-14T23:27:56 ICT" duration-ms="4853" status="PASS">
          <params>
            <param index="0">
              <value>
                <![CDATA[chrome]]>
              </value>
            </param>
            <param index="1">
              <value>
                <![CDATA[appUrl]]>
              </value>
            </param>
          </params>
          <reporter-output>
          </reporter-output>
        </test-method> <!-- createDriver -->
        <test-method is-config="true" signature="beforeClass()[pri:0, instance:Demo.Dnse@5bb7643d]" started-at="2024-10-14T23:27:56 ICT" name="beforeClass" finished-at="2024-10-14T23:27:58 ICT" duration-ms="2587" status="PASS">
          <reporter-output>
          </reporter-output>
        </test-method> <!-- beforeClass -->
        <test-method signature="TC_0001_Get_share_link(java.lang.reflect.Method)[pri:0, instance:Demo.Dnse@5bb7643d]" started-at="2024-10-14T23:27:58 ICT" name="TC_0001_Get_share_link" finished-at="2024-10-14T23:28:03 ICT" duration-ms="4301" status="PASS">
          <params>
            <param index="0">
              <value>
                <![CDATA[public void Demo.Dnse.TC_0001_Get_share_link(java.lang.reflect.Method)]]>
              </value>
            </param>
          </params>
          <reporter-output>
          </reporter-output>
        </test-method> <!-- TC_0001_Get_share_link -->
        <test-method is-config="true" signature="closeDriver()[pri:0, instance:Demo.Dnse@5bb7643d]" started-at="2024-10-14T23:28:03 ICT" name="closeDriver" finished-at="2024-10-14T23:28:05 ICT" duration-ms="2718" status="PASS">
          <reporter-output>
          </reporter-output>
        </test-method> <!-- closeDriver -->
      </class> <!-- Demo.Dnse -->
    </test> <!-- Run On CHROME -->
  </suite> <!-- ECICS -->
</testng-results>
